<?xml version="1.0" encoding="UTF-8"?>
<testsuite xmlns:xsi="http://www.w3.org/2001/XMLSchema-instance" xsi:noNamespaceSchemaLocation="https://maven.apache.org/surefire/maven-surefire-plugin/xsd/surefire-test-report.xsd" version="3.0.2" name="org.seamware.edc.store.ContractOfferIdParserTest" time="0.018" tests="7" errors="0" skipped="0" failures="0">
  <properties>
[...]
</properties>
  <testcase name="testParseNonStandard(String)[1]" classname="org.seamware.edc.store.ContractOfferIdParserTest" time="0.004"/>
  <testcase name="testParseNonStandard(String)[2]" classname="org.seamware.edc.store.ContractOfferIdParserTest" time="0.001"/>
  <testcase name="testParseNonStandard(String)[3]" classname="org.seamware.edc.store.ContractOfferIdParserTest" time="0.0"/>
  <testcase name="testParse(String, String, String, String)[1]" classname="org.seamware.edc.store.ContractOfferIdParserTest" time="0.002"/>
  <testcase name="testParse(String, String, String, String)[2]" classname="org.seamware.edc.store.ContractOfferIdParserTest" time="0.001"/>
  <testcase name="testParseInvalid(String)[1]" classname="org.seamware.edc.store.ContractOfferIdParserTest" time="0.001"/>
  <testcase name="testParseInvalid(String)[2]" classname="org.seamware.edc.store.ContractOfferIdParserTest" time="0.0"/>
</testsuite>